C:\USERS\DELL\DOCUMENTS\VISUAL STUDIO 2010\PROJECTS\CLUBADMIN\CLUBADMIN\DEBUG\ABOUTUS.OBJ
C:\USERS\DELL\DOCUMENTS\VISUAL STUDIO 2010\PROJECTS\CLUBADMIN\CLUBADMIN\DEBUG\ACTIVITIE.OBJ
C:\Users\DELL\Documents\Visual Studio 2010\Projects\ClubAdmin\ClubAdmin\Debug\cl.command.1.tlog
C:\Users\DELL\Documents\Visual Studio 2010\Projects\ClubAdmin\ClubAdmin\Debug\CL.read.1.tlog
C:\Users\DELL\Documents\Visual Studio 2010\Projects\ClubAdmin\ClubAdmin\Debug\CL.write.1.tlog
C:\USERS\DELL\DOCUMENTS\VISUAL STUDIO 2010\PROJECTS\CLUBADMIN\CLUBADMIN\DEBUG\CLUBADMIN.EXE.EMBED.MANIFEST
C:\USERS\DELL\DOCUMENTS\VISUAL STUDIO 2010\PROJECTS\CLUBADMIN\CLUBADMIN\DEBUG\CLUBADMIN.EXE.EMBED.MANIFEST.RES
C:\USERS\DELL\DOCUMENTS\VISUAL STUDIO 2010\PROJECTS\CLUBADMIN\CLUBADMIN\DEBUG\CLUBADMIN.EXE.INTERMEDIATE.MANIFEST
C:\USERS\DELL\DOCUMENTS\VISUAL STUDIO 2010\PROJECTS\CLUBADMIN\CLUBADMIN\DEBUG\CLUBADMIN.OBJ
C:\USERS\DELL\DOCUMENTS\VISUAL STUDIO 2010\PROJECTS\CLUBADMIN\CLUBADMIN\DEBUG\CLUBADMIN.PCH
C:\USERS\DELL\DOCUMENTS\VISUAL STUDIO 2010\PROJECTS\CLUBADMIN\CLUBADMIN\DEBUG\CLUBADMIN.RES
C:\Users\DELL\Documents\Visual Studio 2010\Projects\ClubAdmin\ClubAdmin\Debug\ClubAdmin.write.1.tlog
C:\Users\DELL\Documents\Visual Studio 2010\Projects\ClubAdmin\ClubAdmin\Debug\ClubAdmin_manifest.rc
C:\USERS\DELL\DOCUMENTS\VISUAL STUDIO 2010\PROJECTS\CLUBADMIN\CLUBADMIN\DEBUG\CLUBADMINDLG.OBJ
C:\USERS\DELL\DOCUMENTS\VISUAL STUDIO 2010\PROJECTS\CLUBADMIN\CLUBADMIN\DEBUG\CONTINENTS.OBJ
C:\USERS\DELL\DOCUMENTS\VISUAL STUDIO 2010\PROJECTS\CLUBADMIN\CLUBADMIN\DEBUG\COUNTRY.OBJ
C:\USERS\DELL\DOCUMENTS\VISUAL STUDIO 2010\PROJECTS\CLUBADMIN\CLUBADMIN\DEBUG\LANGUAGE.OBJ
C:\Users\DELL\Documents\Visual Studio 2010\Projects\ClubAdmin\ClubAdmin\Debug\link.command.1.tlog
C:\Users\DELL\Documents\Visual Studio 2010\Projects\ClubAdmin\ClubAdmin\Debug\link.read.1.tlog
C:\Users\DELL\Documents\Visual Studio 2010\Projects\ClubAdmin\ClubAdmin\Debug\link.write.1.tlog
C:\Users\DELL\Documents\Visual Studio 2010\Projects\ClubAdmin\ClubAdmin\Debug\link-cvtres.read.1.tlog
C:\Users\DELL\Documents\Visual Studio 2010\Projects\ClubAdmin\ClubAdmin\Debug\link-cvtres.write.1.tlog
C:\Users\DELL\Documents\Visual Studio 2010\Projects\ClubAdmin\ClubAdmin\Debug\mt.command.1.tlog
C:\Users\DELL\Documents\Visual Studio 2010\Projects\ClubAdmin\ClubAdmin\Debug\mt.read.1.tlog
C:\Users\DELL\Documents\Visual Studio 2010\Projects\ClubAdmin\ClubAdmin\Debug\mt.write.1.tlog
C:\Users\DELL\Documents\Visual Studio 2010\Projects\ClubAdmin\ClubAdmin\Debug\rc.command.1.tlog
C:\Users\DELL\Documents\Visual Studio 2010\Projects\ClubAdmin\ClubAdmin\Debug\rc.read.1.tlog
C:\Users\DELL\Documents\Visual Studio 2010\Projects\ClubAdmin\ClubAdmin\Debug\rc.write.1.tlog
C:\USERS\DELL\DOCUMENTS\VISUAL STUDIO 2010\PROJECTS\CLUBADMIN\CLUBADMIN\DEBUG\STDAFX.OBJ
C:\Users\DELL\Documents\Visual Studio 2010\Projects\ClubAdmin\ClubAdmin\Debug\vc100.idb
C:\USERS\DELL\DOCUMENTS\VISUAL STUDIO 2010\PROJECTS\CLUBADMIN\CLUBADMIN\DEBUG\VC100.PDB
C:\USERS\DELL\DOCUMENTS\VISUAL STUDIO 2010\PROJECTS\CLUBADMIN\CLUBADMIN\DEBUG\VILLAGE.OBJ
C:\USERS\DELL\DOCUMENTS\VISUAL STUDIO 2010\PROJECTS\CLUBADMIN\DEBUG\CLUBADMIN.EXE
C:\USERS\DELL\DOCUMENTS\VISUAL STUDIO 2010\PROJECTS\CLUBADMIN\DEBUG\CLUBADMIN.ILK
C:\USERS\DELL\DOCUMENTS\VISUAL STUDIO 2010\PROJECTS\CLUBADMIN\DEBUG\CLUBADMIN.PDB
