Build started 30/01/2024 9:03:43 AM.
     1>Project "C:\Users\DELL\Documents\Visual Studio 2010\Projects\ClubAdmin\ClubAdmin\ClubAdmin.vcxproj" on node 2 (build target(s)).
     1>InitializeBuildStatus:
         Creating "Debug\ClubAdmin.unsuccessfulbuild" because "AlwaysCreate" was specified.
       ClCompile:
         All outputs are up-to-date.
         C:\Program Files (x86)\visual\VC\bin\CL.exe /c /ZI /nologo /W3 /WX- /Od /Oy- /D WIN32 /D _WINDOWS /D _DEBUG /D _UNICODE /D UNICODE /D _AFXDLL /Gm /EHsc /RTC1 /MDd /GS /fp:precise /Zc:wchar_t /Zc:forScope /Yu"StdAfx.h" /Fp"Debug\ClubAdmin.pch" /Fo"Debug\\" /Fd"Debug\vc100.pdb" /Gd /TP /analyze- /errorReport:prompt ClubAdminDlg.cpp
         ClubAdminDlg.cpp
     1>c:\users\dell\documents\visual studio 2010\projects\clubadmin\clubadmin\village.h(18): warning C4995: 'CDaoDatabase': name was marked as #pragma deprecated
     1>c:\users\dell\documents\visual studio 2010\projects\clubadmin\clubadmin\village.h(19): warning C4995: 'CDaoRecordset': name was marked as #pragma deprecated
     1>c:\users\dell\documents\visual studio 2010\projects\clubadmin\clubadmin\clubadmindlg.cpp(16): warning C4995: 'CDaoDatabase': name was marked as #pragma deprecated
     1>c:\users\dell\documents\visual studio 2010\projects\clubadmin\clubadmin\clubadmindlg.cpp(17): warning C4995: 'CDaoRecordset': name was marked as #pragma deprecated
       ResourceCompile:
         All outputs are up-to-date.
       ManifestResourceCompile:
         All outputs are up-to-date.
       Link:
         C:\Program Files (x86)\visual\VC\bin\link.exe /ERRORREPORT:PROMPT /OUT:"C:\Users\DELL\Documents\Visual Studio 2010\Projects\ClubAdmin\Debug\ClubAdmin.exe" /INCREMENTAL /NOLOGO /MANIFEST /ManifestFile:"Debug\ClubAdmin.exe.intermediate.manifest" /MANIFESTUAC:"level='asInvoker' uiAccess='false'" /DEBUG /PDB:"C:\Users\DELL\Documents\Visual Studio 2010\Projects\ClubAdmin\Debug\ClubAdmin.pdb" /SUBSYSTEM:WINDOWS /TLBID:1 /ENTRY:"wWinMainCRTStartup" /DYNAMICBASE /NXCOMPAT /IMPLIB:"C:\Users\DELL\Documents\Visual Studio 2010\Projects\ClubAdmin\Debug\ClubAdmin.lib" /MACHINE:X86 Debug\ClubAdmin.res
         Debug\ClubAdmin.exe.embed.manifest.res
         Debug\AboutUs.obj
         Debug\Activitie.obj
         Debug\ClubAdmin.obj
         Debug\ClubAdminDlg.obj
         Debug\Continents.obj
         Debug\Country.obj
         Debug\Language.obj
         Debug\stdafx.obj
         Debug\Village.obj
       Manifest:
         C:\Program Files (x86)\Microsoft SDKs\Windows\v7.0A\bin\mt.exe /nologo /verbose /out:"Debug\ClubAdmin.exe.embed.manifest" /manifest Debug\ClubAdmin.exe.intermediate.manifest "C:\Program Files (x86)\visual\VC\Include\Manifest\dpiaware.manifest"
         All outputs are up-to-date.
       LinkEmbedManifest:
         All outputs are up-to-date.
         ClubAdmin.vcxproj -> C:\Users\DELL\Documents\Visual Studio 2010\Projects\ClubAdmin\Debug\ClubAdmin.exe
       FinalizeBuildStatus:
         Deleting file "Debug\ClubAdmin.unsuccessfulbuild".
         Touching "Debug\ClubAdmin.lastbuildstate".
     1>Done Building Project "C:\Users\DELL\Documents\Visual Studio 2010\Projects\ClubAdmin\ClubAdmin\ClubAdmin.vcxproj" (build target(s)).

Build succeeded.

Time Elapsed 00:00:04.31
